
       ===== New Session Started =====

       ===== New Session Started =====

       ===== New Session Started =====

       ===== New Session Started =====

       ===== New Session Started =====

       ===== New Session Started =====

       ===== New Session Started =====

       ===== New Session Started =====

       ===== New Session Started =====

       ===== New Session Started =====

       ===== New Session Started =====

       ===== New Session Started =====

       ===== New Session Started =====

       ===== New Session Started =====
[2025-04-17 17:49:35] [DEBUG] [tree/tree.cpp:82] token: /
[2025-04-17 17:49:35] [DEBUG] [tree/tree.cpp:82] token: *
[2025-04-17 17:49:35] [DEBUG] [tree/tree.cpp:82] token: 10
[2025-04-17 17:49:35] [DEBUG] [tree/tree.cpp:82] token: 20
[2025-04-17 17:49:35] [DEBUG] [tree/tree.cpp:82] token: +
[2025-04-17 17:49:35] [DEBUG] [tree/tree.cpp:82] token: 15
[2025-04-17 17:49:35] [DEBUG] [tree/tree.cpp:82] token: 5
